<?xml version="1.0" encoding="UTF-8"?>
<testsuite name="com.igor.MainTest" tests="2" skipped="0" failures="0" errors="0" timestamp="2020-02-07T08:30:41" hostname="EPUALVIW1887" time="0.006">
  <properties/>
  <testcase name="shouldNotPositiveTest" classname="com.igor.MainTest" time="0.004"/>
  <testcase name="shouldPositiveTest" classname="com.igor.MainTest" time="0.001"/>
  <system-out><![CDATA[Second test is running
Done
First test is running
Done
]]></system-out>
  <system-err><![CDATA[]]></system-err>
</testsuite>
