<?xml version="1.0" encoding="UTF-8"?>
<!-- Generated by org.testng.reporters.JUnitReportReporter -->
<testsuite skipped="0" hostname="EPUALVIW1887" name="com.igor.MainTest" tests="2" failures="0" timestamp="2020-02-06T12:45:12 EET" time="0.005" errors="0">
  <testcase name="shouldPositiveTest" time="0.000" classname="com.igor.MainTest"/>
  <testcase name="shouldNotPositiveTest" time="0.005" classname="com.igor.MainTest"/>
</testsuite> <!-- com.igor.MainTest -->
